2024-09-03 13:26:28,439:ERROR:Request error fetching https://www.bulgariancastles.com/s-krushuna-krepost-kaleto/: HTTPSConnectionPool(host='www.bulgariancastles.com', port=443): Read timed out. (read timeout=10)
2024-09-03 13:26:28,473:ERROR:Castle at https://www.bulgariancastles.com/s-krushuna-krepost-kaleto/ generated an exception: 'description'
2024-09-03 13:27:08,390:ERROR:Request error fetching https://www.bulgariancastles.com/s-gorni-dabnik-golyama-tabiya/: HTTPSConnectionPool(host='www.bulgariancastles.com', port=443): Read timed out. (read timeout=10)
2024-09-03 13:27:08,390:ERROR:Castle at https://www.bulgariancastles.com/s-gorni-dabnik-golyama-tabiya/ generated an exception: 'description'
2024-09-03 13:27:10,106:ERROR:Request error fetching https://www.bulgariancastles.com/s-yasen-redut-%e2%84%9637/: HTTPSConnectionPool(host='www.bulgariancastles.com', port=443): Read timed out. (read timeout=10)
2024-09-03 13:27:10,106:ERROR:Castle at https://www.bulgariancastles.com/s-yasen-redut-%e2%84%9637/ generated an exception: 'description'
2024-09-03 13:27:42,746:ERROR:Request error fetching https://www.bulgariancastles.com/s-krachimir-krepost-zaech/: HTTPSConnectionPool(host='www.bulgariancastles.com', port=443): Read timed out. (read timeout=10)
2024-09-03 13:27:42,782:ERROR:Castle at https://www.bulgariancastles.com/s-krachimir-krepost-zaech/ generated an exception: 'description'
2024-09-03 13:27:51,676:ERROR:Request error fetching https://www.bulgariancastles.com/s-rayanovtsi-krepost-kaleto-na-vr-manastirishte/: HTTPSConnectionPool(host='www.bulgariancastles.com', port=443): Read timed out. (read timeout=10)
2024-09-03 13:27:51,753:ERROR:Request error fetching https://www.bulgariancastles.com/s-rayanovtsi-krepost-na-vr-strazhata/: HTTPSConnectionPool(host='www.bulgariancastles.com', port=443): Read timed out. (read timeout=10)
2024-09-03 13:27:51,784:ERROR:Castle at https://www.bulgariancastles.com/s-rayanovtsi-krepost-kaleto-na-vr-manastirishte/ generated an exception: 'description'
2024-09-03 13:27:51,981:ERROR:Castle at https://www.bulgariancastles.com/s-rayanovtsi-krepost-na-vr-strazhata/ generated an exception: 'description'
2024-09-03 13:27:52,111:ERROR:Request error fetching https://www.bulgariancastles.com/s-salash-krepost-na-vr-mala-glama/: HTTPSConnectionPool(host='www.bulgariancastles.com', port=443): Max retries exceeded with url: /s-salash-krepost-na-vr-mala-glama/ (Caused by SSLError(SSLWantReadError(2, 'The operation did not complete (read) (_ssl.c:2580)')))
2024-09-03 13:27:52,112:ERROR:Castle at https://www.bulgariancastles.com/s-salash-krepost-na-vr-mala-glama/ generated an exception: 'description'
2024-09-03 13:27:53,214:ERROR:Request error fetching https://www.bulgariancastles.com/s-prolaznitsa-krepost-kaleto/: HTTPSConnectionPool(host='www.bulgariancastles.com', port=443): Read timed out. (read timeout=10)
2024-09-03 13:27:53,215:ERROR:Castle at https://www.bulgariancastles.com/s-prolaznitsa-krepost-kaleto/ generated an exception: 'description'
2024-09-03 13:27:57,809:ERROR:Request error fetching https://www.bulgariancastles.com/s-rabisha-krepost-na-vr-magura/: HTTPSConnectionPool(host='www.bulgariancastles.com', port=443): Read timed out. (read timeout=10)
2024-09-03 13:27:57,810:ERROR:Castle at https://www.bulgariancastles.com/s-rabisha-krepost-na-vr-magura/ generated an exception: 'description'
2024-09-03 13:28:00,069:ERROR:Request error fetching https://www.bulgariancastles.com/s-slivovnik-redut/: HTTPSConnectionPool(host='www.bulgariancastles.com', port=443): Read timed out. (read timeout=10)
2024-09-03 13:28:00,070:ERROR:Castle at https://www.bulgariancastles.com/s-slivovnik-redut/ generated an exception: 'description'
2024-09-03 13:28:02,377:ERROR:Request error fetching https://www.bulgariancastles.com/s-bojnitsa-krepost/: HTTPSConnectionPool(host='www.bulgariancastles.com', port=443): Read timed out. (read timeout=10)
2024-09-03 13:28:02,535:ERROR:Castle at https://www.bulgariancastles.com/s-bojnitsa-krepost/ generated an exception: 'description'
2024-09-03 13:28:03,025:ERROR:Request error fetching https://www.bulgariancastles.com/s-slivovnik-lyunet-5/: HTTPSConnectionPool(host='www.bulgariancastles.com', port=443): Read timed out. (read timeout=10)
2024-09-03 13:28:03,064:ERROR:Castle at https://www.bulgariancastles.com/s-slivovnik-lyunet-5/ generated an exception: 'description'
2024-09-03 13:28:03,331:ERROR:Request error fetching https://www.bulgariancastles.com/s-slivovnik-lyunet-6/: HTTPSConnectionPool(host='www.bulgariancastles.com', port=443): Read timed out. (read timeout=10)
2024-09-03 13:28:03,483:ERROR:Castle at https://www.bulgariancastles.com/s-slivovnik-lyunet-6/ generated an exception: 'description'
2024-09-03 13:28:03,656:ERROR:Request error fetching https://www.bulgariancastles.com/s-slivovnik-slivovnishki-redut/: HTTPSConnectionPool(host='www.bulgariancastles.com', port=443): Read timed out. (read timeout=10)
2024-09-03 13:28:03,656:ERROR:Castle at https://www.bulgariancastles.com/s-slivovnik-slivovnishki-redut/ generated an exception: 'description'
2024-09-03 13:28:10,411:ERROR:Request error fetching https://www.bulgariancastles.com/s-stakevtsi-krepost-2/: HTTPSConnectionPool(host='www.bulgariancastles.com', port=443): Read timed out. (read timeout=10)
2024-09-03 13:28:10,411:ERROR:Castle at https://www.bulgariancastles.com/s-stakevtsi-krepost-2/ generated an exception: 'description'
2024-09-03 13:28:12,796:ERROR:Request error fetching https://www.bulgariancastles.com/s-stakevtsi-krepost-3/: HTTPSConnectionPool(host='www.bulgariancastles.com', port=443): Read timed out. (read timeout=10)
2024-09-03 13:28:12,797:ERROR:Castle at https://www.bulgariancastles.com/s-stakevtsi-krepost-3/ generated an exception: 'description'
2024-09-03 13:28:13,249:ERROR:Request error fetching https://www.bulgariancastles.com/s-stakevtsi-krepost-zeleni-grad/: HTTPSConnectionPool(host='www.bulgariancastles.com', port=443): Read timed out. (read timeout=10)
2024-09-03 13:28:13,341:ERROR:Castle at https://www.bulgariancastles.com/s-stakevtsi-krepost-zeleni-grad/ generated an exception: 'description'
2024-09-03 13:28:13,402:ERROR:Request error fetching https://www.bulgariancastles.com/s-stakevtsi-krepost-na-vr-belinska-glama/: HTTPSConnectionPool(host='www.bulgariancastles.com', port=443): Read timed out. (read timeout=10)
2024-09-03 13:28:13,403:ERROR:Castle at https://www.bulgariancastles.com/s-stakevtsi-krepost-na-vr-belinska-glama/ generated an exception: 'description'
2024-09-03 13:28:13,810:ERROR:Request error fetching https://www.bulgariancastles.com/s-stakevtsi-krepost-na-vr-branishka-chuka/: HTTPSConnectionPool(host='www.bulgariancastles.com', port=443): Read timed out. (read timeout=10)
2024-09-03 13:28:13,827:ERROR:Castle at https://www.bulgariancastles.com/s-stakevtsi-krepost-na-vr-branishka-chuka/ generated an exception: 'description'
2024-09-03 13:28:13,840:ERROR:Request error fetching https://www.bulgariancastles.com/s-vrav-krepost-dortikum/: HTTPSConnectionPool(host='www.bulgariancastles.com', port=443): Read timed out. (read timeout=10)
2024-09-03 13:28:13,841:ERROR:Castle at https://www.bulgariancastles.com/s-vrav-krepost-dortikum/ generated an exception: 'description'
2024-09-03 13:28:13,995:ERROR:Request error fetching https://www.bulgariancastles.com/s-vrav-krepost-chetate/: HTTPSConnectionPool(host='www.bulgariancastles.com', port=443): Read timed out. (read timeout=10)
2024-09-03 13:28:13,995:ERROR:Castle at https://www.bulgariancastles.com/s-vrav-krepost-chetate/ generated an exception: 'description'
2024-09-03 13:28:15,412:ERROR:Request error fetching https://www.bulgariancastles.com/gr-vidin-srednovekovna-krepost-bdin-baba-vida/: HTTPSConnectionPool(host='www.bulgariancastles.com', port=443): Read timed out. (read timeout=10)
2024-09-03 13:28:15,412:ERROR:Castle at https://www.bulgariancastles.com/gr-vidin-srednovekovna-krepost-bdin-baba-vida/ generated an exception: 'description'
2024-09-03 13:28:19,735:ERROR:Request error fetching https://www.bulgariancastles.com/gr-vidin-rimski-grad-bononiya/: HTTPSConnectionPool(host='www.bulgariancastles.com', port=443): Read timed out. (read timeout=10)
2024-09-03 13:28:19,735:ERROR:Castle at https://www.bulgariancastles.com/gr-vidin-rimski-grad-bononiya/ generated an exception: 'description'
2024-09-03 13:28:20,751:ERROR:Request error fetching https://www.bulgariancastles.com/gr-vidin-tabiya-v-rajona-na-opitnata-stantsiya/: HTTPSConnectionPool(host='www.bulgariancastles.com', port=443): Read timed out. (read timeout=10)
2024-09-03 13:28:20,752:ERROR:Castle at https://www.bulgariancastles.com/gr-vidin-tabiya-v-rajona-na-opitnata-stantsiya/ generated an exception: 'description'
2024-09-03 13:28:23,193:ERROR:Request error fetching https://www.bulgariancastles.com/s-stakevtsi-krepost-na-vr-dukino-korune/: HTTPSConnectionPool(host='www.bulgariancastles.com', port=443): Read timed out. (read timeout=10)
2024-09-03 13:28:23,194:ERROR:Castle at https://www.bulgariancastles.com/s-stakevtsi-krepost-na-vr-dukino-korune/ generated an exception: 'description'
2024-09-03 13:28:23,764:ERROR:Request error fetching https://www.bulgariancastles.com/s-bukovets-redut/: HTTPSConnectionPool(host='www.bulgariancastles.com', port=443): Read timed out. (read timeout=10)
2024-09-03 13:28:23,765:ERROR:Castle at https://www.bulgariancastles.com/s-bukovets-redut/ generated an exception: 'description'
2024-09-03 13:28:23,872:ERROR:Request error fetching https://www.bulgariancastles.com/s-vojnitsa-krepost/: HTTPSConnectionPool(host='www.bulgariancastles.com', port=443): Read timed out. (read timeout=10)
2024-09-03 13:28:23,872:ERROR:Castle at https://www.bulgariancastles.com/s-vojnitsa-krepost/ generated an exception: 'description'
2024-09-03 13:28:24,321:ERROR:Request error fetching https://www.bulgariancastles.com/s-general-marinovo-krepost-v-m-royaka/: HTTPSConnectionPool(host='www.bulgariancastles.com', port=443): Read timed out. (read timeout=10)
2024-09-03 13:28:24,321:ERROR:Castle at https://www.bulgariancastles.com/s-general-marinovo-krepost-v-m-royaka/ generated an exception: 'description'
2024-09-03 13:28:24,336:ERROR:Request error fetching https://www.bulgariancastles.com/s-vartop-krepost/: HTTPSConnectionPool(host='www.bulgariancastles.com', port=443): Read timed out. (read timeout=10)
2024-09-03 13:28:24,336:ERROR:Castle at https://www.bulgariancastles.com/s-vartop-krepost/ generated an exception: 'description'
2024-09-03 13:28:24,435:ERROR:Request error fetching https://www.bulgariancastles.com/s-gomotartsi-krepost/: HTTPSConnectionPool(host='www.bulgariancastles.com', port=443): Read timed out. (read timeout=10)
2024-09-03 13:28:24,436:ERROR:Castle at https://www.bulgariancastles.com/s-gomotartsi-krepost/ generated an exception: 'description'
2024-09-03 13:28:25,746:ERROR:Request error fetching https://www.bulgariancastles.com/s-gomotartsi-tabiya/: HTTPSConnectionPool(host='www.bulgariancastles.com', port=443): Read timed out. (read timeout=10)
2024-09-03 13:28:25,747:ERROR:Castle at https://www.bulgariancastles.com/s-gomotartsi-tabiya/ generated an exception: 'description'
2024-09-03 13:28:30,096:ERROR:Request error fetching https://www.bulgariancastles.com/gr-dunavtsi-krepost-1/: HTTPSConnectionPool(host='www.bulgariancastles.com', port=443): Read timed out. (read timeout=10)
2024-09-03 13:28:30,096:ERROR:Castle at https://www.bulgariancastles.com/gr-dunavtsi-krepost-1/ generated an exception: 'description'
2024-09-03 13:28:31,090:ERROR:Request error fetching https://www.bulgariancastles.com/s-gradets-krepost-pri-albotinskiya-skalen-manastir/: HTTPSConnectionPool(host='www.bulgariancastles.com', port=443): Read timed out. (read timeout=10)
2024-09-03 13:28:31,091:ERROR:Castle at https://www.bulgariancastles.com/s-gradets-krepost-pri-albotinskiya-skalen-manastir/ generated an exception: 'description'
2024-09-03 13:28:34,313:ERROR:Request error fetching https://www.bulgariancastles.com/gr-dunavtsi-krepost-3/: HTTPSConnectionPool(host='www.bulgariancastles.com', port=443): Read timed out. (read timeout=10)
2024-09-03 13:28:34,314:ERROR:Castle at https://www.bulgariancastles.com/gr-dunavtsi-krepost-3/ generated an exception: 'description'
2024-09-03 13:28:34,805:ERROR:Request error fetching https://www.bulgariancastles.com/s-inovo-tabiya-1/: HTTPSConnectionPool(host='www.bulgariancastles.com', port=443): Read timed out. (read timeout=10)
2024-09-03 13:28:34,805:ERROR:Castle at https://www.bulgariancastles.com/s-inovo-tabiya-1/ generated an exception: 'description'
2024-09-03 13:28:34,820:ERROR:Request error fetching https://www.bulgariancastles.com/s-inovo-tabiya-2/: HTTPSConnectionPool(host='www.bulgariancastles.com', port=443): Read timed out. (read timeout=10)
2024-09-03 13:28:34,820:ERROR:Castle at https://www.bulgariancastles.com/s-inovo-tabiya-2/ generated an exception: 'description'
2024-09-03 13:28:34,974:ERROR:Request error fetching https://www.bulgariancastles.com/gr-dunavtsi-krepost-4/: HTTPSConnectionPool(host='www.bulgariancastles.com', port=443): Read timed out. (read timeout=10)
2024-09-03 13:28:34,975:ERROR:Castle at https://www.bulgariancastles.com/gr-dunavtsi-krepost-4/ generated an exception: 'description'
2024-09-03 13:28:35,067:ERROR:Request error fetching https://www.bulgariancastles.com/s-akatsievo-kulata-na-tahir-beg/: HTTPSConnectionPool(host='www.bulgariancastles.com', port=443): Read timed out. (read timeout=10)
2024-09-03 13:28:35,067:ERROR:Castle at https://www.bulgariancastles.com/s-akatsievo-kulata-na-tahir-beg/ generated an exception: 'description'
2024-09-03 13:28:36,096:ERROR:Request error fetching https://www.bulgariancastles.com/s-inovo-tabiya-3/: HTTPSConnectionPool(host='www.bulgariancastles.com', port=443): Read timed out. (read timeout=10)
2024-09-03 13:28:36,097:ERROR:Castle at https://www.bulgariancastles.com/s-inovo-tabiya-3/ generated an exception: 'description'
2024-09-03 13:28:40,440:ERROR:Request error fetching https://www.bulgariancastles.com/s-botevo-krepost-v-m-gradishte/: HTTPSConnectionPool(host='www.bulgariancastles.com', port=443): Read timed out. (read timeout=10)
2024-09-03 13:28:40,440:ERROR:Castle at https://www.bulgariancastles.com/s-botevo-krepost-v-m-gradishte/ generated an exception: 'description'
2024-09-03 13:28:41,429:ERROR:Request error fetching https://www.bulgariancastles.com/s-bukovets-krepost-gradishte/: HTTPSConnectionPool(host='www.bulgariancastles.com', port=443): Read timed out. (read timeout=10)
2024-09-03 13:28:41,430:ERROR:Castle at https://www.bulgariancastles.com/s-bukovets-krepost-gradishte/ generated an exception: 'description'
2024-09-03 13:28:44,409:ERROR:Request error fetching https://www.bulgariancastles.com/s-kapitanovtsi-tabiya-1/: HTTPSConnectionPool(host='www.bulgariancastles.com', port=443): Read timed out. (read timeout=10)
2024-09-03 13:28:44,409:ERROR:Castle at https://www.bulgariancastles.com/s-kapitanovtsi-tabiya-1/ generated an exception: 'description'
2024-09-03 13:28:44,676:ERROR:Request error fetching https://www.bulgariancastles.com/s-milchina-laka-krepost-2/: HTTPSConnectionPool(host='www.bulgariancastles.com', port=443): Read timed out. (read timeout=10)
2024-09-03 13:28:44,676:ERROR:Castle at https://www.bulgariancastles.com/s-milchina-laka-krepost-2/ generated an exception: 'description'
2024-09-03 13:28:44,924:ERROR:Request error fetching https://www.bulgariancastles.com/s-kapitanovtsi-tabiya-2/: HTTPSConnectionPool(host='www.bulgariancastles.com', port=443): Read timed out. (read timeout=10)
2024-09-03 13:28:44,924:ERROR:Castle at https://www.bulgariancastles.com/s-kapitanovtsi-tabiya-2/ generated an exception: 'description'
2024-09-03 13:28:45,342:ERROR:Request error fetching https://www.bulgariancastles.com/s-sinagovtsi-krepost-2/: HTTPSConnectionPool(host='www.bulgariancastles.com', port=443): Read timed out. (read timeout=10)
2024-09-03 13:28:45,350:ERROR:Castle at https://www.bulgariancastles.com/s-sinagovtsi-krepost-2/ generated an exception: 'description'
2024-09-03 13:28:45,372:ERROR:Request error fetching https://www.bulgariancastles.com/s-kapitanovtsi-tabiya-3/: HTTPSConnectionPool(host='www.bulgariancastles.com', port=443): Read timed out. (read timeout=10)
2024-09-03 13:28:45,373:ERROR:Castle at https://www.bulgariancastles.com/s-kapitanovtsi-tabiya-3/ generated an exception: 'description'
2024-09-03 13:28:45,544:ERROR:Request error fetching https://www.bulgariancastles.com/s-kapitanovtsi-tabiya-4/: HTTPSConnectionPool(host='www.bulgariancastles.com', port=443): Read timed out. (read timeout=10)
2024-09-03 13:28:45,544:ERROR:Castle at https://www.bulgariancastles.com/s-kapitanovtsi-tabiya-4/ generated an exception: 'description'
2024-09-03 13:28:45,574:ERROR:Request error fetching https://www.bulgariancastles.com/s-koshava-krepost-ad-marum/: HTTPSConnectionPool(host='www.bulgariancastles.com', port=443): Read timed out. (read timeout=10)
2024-09-03 13:28:45,574:ERROR:Castle at https://www.bulgariancastles.com/s-koshava-krepost-ad-marum/ generated an exception: 'description'
2024-09-03 13:28:46,447:ERROR:Request error fetching https://www.bulgariancastles.com/s-major-uzunovo-redut-1/: HTTPSConnectionPool(host='www.bulgariancastles.com', port=443): Read timed out. (read timeout=10)
2024-09-03 13:28:46,447:ERROR:Castle at https://www.bulgariancastles.com/s-major-uzunovo-redut-1/ generated an exception: 'description'
2024-09-03 13:28:50,795:ERROR:Request error fetching https://www.bulgariancastles.com/s-major-uzunovo-redut-2/: HTTPSConnectionPool(host='www.bulgariancastles.com', port=443): Read timed out. (read timeout=10)
2024-09-03 13:28:50,796:ERROR:Castle at https://www.bulgariancastles.com/s-major-uzunovo-redut-2/ generated an exception: 'description'
2024-09-03 13:28:51,780:ERROR:Request error fetching https://www.bulgariancastles.com/s-vodna-krepost-v-m-dartiya-pat/: HTTPSConnectionPool(host='www.bulgariancastles.com', port=443): Read timed out. (read timeout=10)
2024-09-03 13:28:51,780:ERROR:Castle at https://www.bulgariancastles.com/s-vodna-krepost-v-m-dartiya-pat/ generated an exception: 'description'
2024-09-03 13:28:54,750:ERROR:Request error fetching https://www.bulgariancastles.com/s-peshakovo-redut/: HTTPSConnectionPool(host='www.bulgariancastles.com', port=443): Read timed out. (read timeout=10)
2024-09-03 13:28:54,750:ERROR:Castle at https://www.bulgariancastles.com/s-peshakovo-redut/ generated an exception: 'description'
2024-09-03 13:28:55,030:ERROR:Request error fetching https://www.bulgariancastles.com/s-medeshevtsi-krepost/: HTTPSConnectionPool(host='www.bulgariancastles.com', port=443): Read timed out. (read timeout=10)
2024-09-03 13:28:55,031:ERROR:Castle at https://www.bulgariancastles.com/s-medeshevtsi-krepost/ generated an exception: 'description'
2024-09-03 13:28:55,246:ERROR:Request error fetching https://www.bulgariancastles.com/s-pokrajna-redut/: HTTPSConnectionPool(host='www.bulgariancastles.com', port=443): Read timed out. (read timeout=10)
2024-09-03 13:28:55,247:ERROR:Castle at https://www.bulgariancastles.com/s-pokrajna-redut/ generated an exception: 'description'
2024-09-03 13:28:55,878:ERROR:Request error fetching https://www.bulgariancastles.com/s-inovo-tabiya-4/: HTTPSConnectionPool(host='www.bulgariancastles.com', port=443): Read timed out. (read timeout=10)
2024-09-03 13:28:55,884:ERROR:Castle at https://www.bulgariancastles.com/s-inovo-tabiya-4/ generated an exception: 'description'
2024-09-03 13:28:55,908:ERROR:Request error fetching https://www.bulgariancastles.com/s-milchina-laka-krepost-1/: HTTPSConnectionPool(host='www.bulgariancastles.com', port=443): Read timed out. (read timeout=10)
2024-09-03 13:28:55,908:ERROR:Castle at https://www.bulgariancastles.com/s-milchina-laka-krepost-1/ generated an exception: 'description'
2024-09-03 13:28:56,080:ERROR:Request error fetching https://www.bulgariancastles.com/s-sinagovtsi-krepost-1/: HTTPSConnectionPool(host='www.bulgariancastles.com', port=443): Read timed out. (read timeout=10)
2024-09-03 13:28:56,080:ERROR:Castle at https://www.bulgariancastles.com/s-sinagovtsi-krepost-1/ generated an exception: 'description'
2024-09-03 13:28:56,096:ERROR:Request error fetching https://www.bulgariancastles.com/s-oreshets-krepost/: HTTPSConnectionPool(host='www.bulgariancastles.com', port=443): Read timed out. (read timeout=10)
2024-09-03 13:28:56,096:ERROR:Castle at https://www.bulgariancastles.com/s-oreshets-krepost/ generated an exception: 'description'
2024-09-03 13:28:56,789:ERROR:Request error fetching https://www.bulgariancastles.com/s-sinagovtsi-krepost-3/: HTTPSConnectionPool(host='www.bulgariancastles.com', port=443): Read timed out. (read timeout=10)
2024-09-03 13:28:56,790:ERROR:Castle at https://www.bulgariancastles.com/s-sinagovtsi-krepost-3/ generated an exception: 'description'
2024-09-03 13:29:01,145:ERROR:Request error fetching https://www.bulgariancastles.com/s-oreshets-krepost-na-vr-smedov-vrah/: HTTPSConnectionPool(host='www.bulgariancastles.com', port=443): Read timed out. (read timeout=10)
2024-09-03 13:29:01,147:ERROR:Castle at https://www.bulgariancastles.com/s-oreshets-krepost-na-vr-smedov-vrah/ generated an exception: 'description'
2024-09-03 13:29:02,159:ERROR:Request error fetching https://www.bulgariancastles.com/s-tsar-simeonovo-krepost/: HTTPSConnectionPool(host='www.bulgariancastles.com', port=443): Read timed out. (read timeout=10)
2024-09-03 13:29:02,160:ERROR:Castle at https://www.bulgariancastles.com/s-tsar-simeonovo-krepost/ generated an exception: 'description'
2024-09-03 13:29:05,110:ERROR:Request error fetching https://www.bulgariancastles.com/gr-dimovo-krepost/: HTTPSConnectionPool(host='www.bulgariancastles.com', port=443): Read timed out. (read timeout=10)
2024-09-03 13:29:05,111:ERROR:Castle at https://www.bulgariancastles.com/gr-dimovo-krepost/ generated an exception: 'description'
2024-09-03 13:29:06,488:ERROR:Request error fetching https://www.bulgariancastles.com/s-bela-krepost-bela/: HTTPSConnectionPool(host='www.bulgariancastles.com', port=443): Read timed out. (read timeout=10)
2024-09-03 13:29:06,488:ERROR:Request error fetching https://www.bulgariancastles.com/s-archar-rimski-ukrepen-grad-ratsiariya/: HTTPSConnectionPool(host='www.bulgariancastles.com', port=443): Read timed out. (read timeout=10)
2024-09-03 13:29:06,489:ERROR:Castle at https://www.bulgariancastles.com/s-bela-krepost-bela/ generated an exception: 'description'
2024-09-03 13:29:06,491:ERROR:Castle at https://www.bulgariancastles.com/s-archar-rimski-ukrepen-grad-ratsiariya/ generated an exception: 'description'
2024-09-03 13:29:06,718:ERROR:Request error fetching https://www.bulgariancastles.com/s-gara-oreshets-krepost/: HTTPSConnectionPool(host='www.bulgariancastles.com', port=443): Read timed out. (read timeout=10)
2024-09-03 13:29:06,719:ERROR:Castle at https://www.bulgariancastles.com/s-gara-oreshets-krepost/ generated an exception: 'description'
2024-09-03 13:29:06,734:ERROR:Request error fetching https://www.bulgariancastles.com/s-darzhanitsa-krepost/: HTTPSConnectionPool(host='www.bulgariancastles.com', port=443): Read timed out. (read timeout=10)
2024-09-03 13:29:06,741:ERROR:Castle at https://www.bulgariancastles.com/s-darzhanitsa-krepost/ generated an exception: 'description'
2024-09-03 13:29:06,749:ERROR:Request error fetching https://www.bulgariancastles.com/s-izvor-krepost-v-m-buchki-dol/: HTTPSConnectionPool(host='www.bulgariancastles.com', port=443): Read timed out. (read timeout=10)
2024-09-03 13:29:06,749:ERROR:Castle at https://www.bulgariancastles.com/s-izvor-krepost-v-m-buchki-dol/ generated an exception: 'description'
2024-09-03 13:29:06,810:ERROR:Request error fetching https://www.bulgariancastles.com/s-kladorub-antichna-krepost-konbustika/: HTTPSConnectionPool(host='www.bulgariancastles.com', port=443): Read timed out. (read timeout=10)
2024-09-03 13:29:06,811:ERROR:Castle at https://www.bulgariancastles.com/s-kladorub-antichna-krepost-konbustika/ generated an exception: 'description'
2024-09-03 13:29:07,166:ERROR:Request error fetching https://www.bulgariancastles.com/s-lagoshevtsi-krepost/: HTTPSConnectionPool(host='www.bulgariancastles.com', port=443): Read timed out. (read timeout=10)
2024-09-03 13:29:15,436:ERROR:Request error fetching https://www.bulgariancastles.com/s-shipot-krepost/: HTTPSConnectionPool(host='www.bulgariancastles.com', port=443): Read timed out. (read timeout=10)
2024-09-03 13:29:17,575:ERROR:Request error fetching https://www.bulgariancastles.com/gr-kula-tabiya-h2/: HTTPSConnectionPool(host='www.bulgariancastles.com', port=443): Read timed out. (read timeout=10)
2024-09-03 14:20:11,865:ERROR:Castle at https://www.bulgariancastles.com/s-bezhanovo-ukrepeno-selishte-v-m-dolna-turiya/ generated an exception: (psycopg2.errors.UndefinedColumn) column "has_error" of relation "castles" does not exist
LINE 1: ...ude, longitude, coordinates_original, literature, has_error,...
                                                             ^

[SQL: INSERT INTO castles (name, url, description, location_text, latitude, longitude, coordinates_original, literature, has_error, error_message) VALUES (%(name)s, %(url)s, %(description)s, %(location_text)s, %(latitude)s, %(longitude)s, %(coordinates_original)s, %(literature)s, %(has_error)s, %(error_message)s) RETURNING castles.id]
[parameters: {'name': '\u0421. \u0411\u0435\u0436\u0430\u043d\u043e\u0432\u043e – \u0441\u0435\u043b\u0438\u0449\u0435 \u0414\u043e\u043b\u043d\u0430 \u0442\u0443\u0440\u0438\u044f', 'url': 'https://www.bulgariancastles.com/s-bezhanovo-ukrepeno-selishte-v-m-dolna-turiya/', 'description': '\u0423\u043a\u0440\u0435\u043f\u0435\u043d\u043e \u0441\u0435\u043b\u0438\u0449\u0435   \u0441\u0435 \u043d\u0430\u043c\u0438\u0440\u0430 \u0432 \u0435\u0434\u043d\u043e\u0438\u043c\u0435\u043d\u043d\u0430\u0442\u0430 \u043c\u0435\u0441\u0442\u043d\u043e\u0441\u0442, \u043d\u0430 2.68 km \u0441\u0435\u0432\u0435\u0440\u043e\u0437\u0430\u043f\u0430\u0434\u043d\u043e \u043f\u043e \u043f\u0440\u0430\u0432\u0430 \u043b\u0438\u043d\u0438\u044f \u043e\u0442 \u0446\u0435\u043d\u0442\u044a\u0440\u0430 \u043d\u0430 \u0441\u0435\u043b\u043e \u0411\u0435\u0436\u0430\u043d\u043e\u0432\u043e. \u0418\u0437\u0433\u0440\u0430\u0434\u0435\u043d\u043e \u0435 \u043d\u0430 \u0441\u043a\u0430\u043b\u043d\u0430 \u0442\u0435\u0440\u0430\u0441 ... (736 characters truncated) ... \u043b\u044f\u0437\u0432\u0430\u0442 \u043e\u0447\u0435\u0440\u0442\u0430\u043d\u0438\u044f \u0441 \u043f\u0440\u0430\u0432\u0438\u043b\u043d\u0430 \u043f\u0440\u0430\u0432\u043e\u044a\u0433\u044a\u043b\u043d\u0430 \u0444\u043e\u0440\u043c\u0430, \u043a\u043e\u0438\u0442\u043e \u0441\u0430 \u043d\u0430 \u043d\u0438\u0432\u043e “\u043a\u043e\u0442\u0430 0” \u0438 \u0437\u0430 \u0438\u0437\u0443\u0447\u0430\u0432\u0430\u043d\u0435\u0442\u043e \u0438\u043c \u0441\u0430 \u043d\u0443\u0436\u043d\u0438 \u0440\u0430\u0437\u043a\u043e\u043f\u043a\u0438. \u041e\u0431\u0435\u043a\u0442\u044a\u0442 \u0435 \u043e\u0442 \u043a\u044a\u0441\u043d\u043e- \u0431\u0440\u043e\u043d\u0437\u043e\u0432\u0430\u0442\u0430 \u0435\u043f\u043e\u0445\u0430.', 'location_text': '\u041d\u0430\u0434\u043c\u043e\u0440\u0441\u043a\u0430 \u0432\u0438\u0441\u043e\u0447\u0438\u043d\u0430: 164 m GPS \u043a\u043e\u043e\u0440\u0434\u0438\u043d\u0430\u0442\u0438: 43°15’00” \u0421.\u0428. \u0438 24°23’00” \u0418.\u0414.', 'latitude': None, 'longitude': None, 'coordinates_original': None, 'literature': ['\u0410\u0432\u0442\u043e\u0440: \u041c. \u0413\u044a\u0440\u0434\u0435\u0432'], 'has_error': False, 'error_message': None}]
(Background on this error at: https://sqlalche.me/e/20/f405)
2024-09-03 14:20:25,662:ERROR:Request error fetching https://www.bulgariancastles.com/s-vasilovo-krepost-v-m-trasa/: HTTPSConnectionPool(host='www.bulgariancastles.com', port=443): Read timed out. (read timeout=10)
2024-09-03 14:27:55,071:ERROR:Request error fetching https://www.bulgariancastles.com/s-bezhanovo-krepost-bekyarsko-kale/: HTTPSConnectionPool(host='www.bulgariancastles.com', port=443): Read timed out.
2024-09-03 14:28:01,735:ERROR:Request error fetching https://www.bulgariancastles.com/s-aglen-krepost/: HTTPSConnectionPool(host='www.bulgariancastles.com', port=443): Read timed out.
2024-09-03 14:28:02,958:ERROR:Request error fetching https://www.bulgariancastles.com/s-bezhanovo-krepost-pri-karierata-za-kamani/: HTTPSConnectionPool(host='www.bulgariancastles.com', port=443): Read timed out.
2024-09-03 14:28:03,973:ERROR:Castle at https://www.bulgariancastles.com/s-bezhanovo-krepost-bekyarsko-kale/ generated an exception: (psycopg2.errors.UndefinedColumn) column "has_error" of relation "castles" does not exist
LINE 1: ...ude, longitude, coordinates_original, literature, has_error,...
                                                             ^

[SQL: INSERT INTO castles (name, url, description, location_text, latitude, longitude, coordinates_original, literature, has_error, error_message) VALUES (%(name)s, %(url)s, %(description)s, %(location_text)s, %(latitude)s, %(longitude)s, %(coordinates_original)s, %(literature)s, %(has_error)s, %(error_message)s) RETURNING castles.id]
[parameters: {'name': 'Unknown', 'url': 'https://www.bulgariancastles.com/s-bezhanovo-krepost-bekyarsko-kale/', 'description': '', 'location_text': '', 'latitude': None, 'longitude': None, 'coordinates_original': None, 'literature': [], 'has_error': True, 'error_message': "Request error fetching https://www.bulgariancastles.com/s-bezhanovo-krepost-bekyarsko-kale/: HTTPSConnectionPool(host='www.bulgariancastles.com', port=443): Read timed out."}]
(Background on this error at: https://sqlalche.me/e/20/f405)
2024-09-03 14:28:05,496:ERROR:Request error fetching https://www.bulgariancastles.com/s-bezhanovo-ukrepeno-selishte-v-m-dolna-turiya/: HTTPSConnectionPool(host='www.bulgariancastles.com', port=443): Read timed out.
2024-09-03 14:28:26,772:ERROR:Request error fetching https://www.bulgariancastles.com/s-sopot-krepost-zelka/: HTTPSConnectionPool(host='www.bulgariancastles.com', port=443): Read timed out. (read timeout=10)
2024-09-03 14:28:26,819:ERROR:Request error fetching https://www.bulgariancastles.com/s-sopot-krepost-chaplya/: HTTPSConnectionPool(host='www.bulgariancastles.com', port=443): Read timed out. (read timeout=10)
2024-09-03 14:28:39,605:ERROR:Request error fetching https://www.bulgariancastles.com/s-sopot-krepost/: HTTPSConnectionPool(host='www.bulgariancastles.com', port=443): Read timed out. (read timeout=10)
2024-09-03 14:28:53,188:ERROR:Request error fetching https://www.bulgariancastles.com/s-mikre-krepost-pavunkovitsa/: HTTPSConnectionPool(host='www.bulgariancastles.com', port=443): Read timed out.
2024-09-03 14:28:55,273:ERROR:Request error fetching https://www.bulgariancastles.com/s-katunets-krepost-kaleto/: HTTPSConnectionPool(host='www.bulgariancastles.com', port=443): Read timed out. (read timeout=10)
2024-09-03 14:28:56,417:ERROR:Request error fetching https://www.bulgariancastles.com/s-orlyane-krepost-na-vr-mogilata/: HTTPSConnectionPool(host='www.bulgariancastles.com', port=443): Read timed out.
2024-09-03 14:29:21,829:ERROR:Request error fetching https://www.bulgariancastles.com/s-kazachevo-krepost/: HTTPSConnectionPool(host='www.bulgariancastles.com', port=443): Read timed out. (read timeout=10)
2024-09-03 14:29:21,829:ERROR:Request error fetching https://www.bulgariancastles.com/s-gorno-pavlikene-krepost-v-m-bogdanov-grad/: HTTPSConnectionPool(host='www.bulgariancastles.com', port=443): Read timed out. (read timeout=10)
